INFO:root:Datos recibidos para generar el pedido:
INFO:root:Cedula: 001-210190-0001A
INFO:root:IdPlatillo: 12
INFO:root:Cantidad: 2
INFO:root:Fecha de pedido: 2024-05-07
INFO:root:Estado de pago: Pagado
INFO:werkzeug:127.0.0.1 - - [07/May/2024 04:28:39] "POST /GenerarPedidos HTTP/1.1" 200 -
INFO:werkzeug: * Detected change in 'C:\\Users\\HP VICTUS\\Desktop\\Proyecto Delicias Dilcia\\Routes\\Pedidos.py', reloading
INFO:root:Datos recibidos para generar el pedido:
INFO:root:Cedula: 002-220190-0002B
INFO:root:IdPlatillo: 12
INFO:root:Cantidad: 3
INFO:root:Fecha de pedido: 2024-05-07
INFO:root:Estado de pago: Pagado
INFO:werkzeug:127.0.0.1 - - [07/May/2024 04:35:49] "POST /GenerarPedidos HTTP/1.1" 200 -
INFO:werkzeug:127.0.0.1 - - [07/May/2024 04:36:08] "POST /ObtenerCliente/001-210190-0001A HTTP/1.1" 200 -
INFO:root:Datos recibidos para generar el pedido:
INFO:root:Cedula: 001-210190-0001A
INFO:root:IdPlatillo: 12
INFO:root:Datos recibidos para generar el pedido:
INFO:root:Cantidad: 3
INFO:root:Cedula: 001-210190-0001A
INFO:root:Fecha de pedido: 2024-05-07
INFO:root:IdPlatillo: 12
INFO:root:Estado de pago: Pendiente
INFO:root:Cantidad: 3
INFO:root:Fecha de pedido: 2024-05-07
INFO:root:Estado de pago: Pendiente
INFO:werkzeug:127.0.0.1 - - [07/May/2024 04:36:10] "POST /GenerarPedidos HTTP/1.1" 200 -
INFO:werkzeug:127.0.0.1 - - [07/May/2024 04:36:10] "POST /GenerarPedidos HTTP/1.1" 200 -
INFO:root:Datos recibidos para generar el pedido:
INFO:root:Cedula: 001-210190-0001A
INFO:root:IdPlatillo: 12
INFO:root:Cantidad: 3
INFO:root:Fecha de pedido: 2024-05-07
INFO:root:Estado de pago: Pendiente
INFO:root:Datos recibidos para generar el pedido:
INFO:root:Cedula: 001-210190-0001A
INFO:root:IdPlatillo: 12
INFO:root:Cantidad: 3
INFO:root:Fecha de pedido: 2024-05-07
INFO:root:Estado de pago: Pendiente
INFO:werkzeug:127.0.0.1 - - [07/May/2024 04:37:23] "[35m[1mPOST /GenerarPedidos HTTP/1.1[0m" 500 -
INFO:werkzeug:127.0.0.1 - - [07/May/2024 04:37:23] "[35m[1mPOST /GenerarPedidos HTTP/1.1[0m" 500 -
INFO:root:Datos recibidos para generar el pedido:
INFO:root:Cedula: 001-210190-0001A
INFO:root:IdPlatillo: 12
INFO:root:Cantidad: 3
INFO:root:Fecha de pedido: 2024-05-07
INFO:root:Estado de pago: Pendiente
INFO:werkzeug:127.0.0.1 - - [07/May/2024 04:37:24] "[35m[1mPOST /GenerarPedidos HTTP/1.1[0m" 500 -
INFO:root:Datos recibidos para generar el pedido:
INFO:root:Cedula: 001-210190-0001A
INFO:root:IdPlatillo: 12
INFO:root:Cantidad: 3
INFO:root:Fecha de pedido: 2024-05-07
INFO:root:Estado de pago: Pendiente
INFO:root:Datos recibidos para generar el pedido:
INFO:root:Cedula: 001-210190-0001A
INFO:root:IdPlatillo: 12
INFO:root:Cantidad: 3
INFO:root:Fecha de pedido: 2024-05-07
INFO:root:Estado de pago: Pendiente
INFO:werkzeug:127.0.0.1 - - [07/May/2024 04:37:24] "[35m[1mPOST /GenerarPedidos HTTP/1.1[0m" 500 -
INFO:werkzeug:127.0.0.1 - - [07/May/2024 04:37:24] "[35m[1mPOST /GenerarPedidos HTTP/1.1[0m" 500 -
INFO:root:Datos recibidos para generar el pedido:
INFO:root:Cedula: 001-210190-0001A
INFO:root:IdPlatillo: 12
INFO:root:Cantidad: 3
INFO:root:Fecha de pedido: 2024-05-07
INFO:root:Estado de pago: Pendiente
INFO:werkzeug:127.0.0.1 - - [07/May/2024 04:37:24] "[35m[1mPOST /GenerarPedidos HTTP/1.1[0m" 500 -
INFO:root:Datos recibidos para generar el pedido:
INFO:root:Cedula: 001-210190-0001A
INFO:root:IdPlatillo: 12
INFO:root:Cantidad: 3
INFO:root:Fecha de pedido: 2024-05-07
INFO:root:Estado de pago: Pendiente
INFO:werkzeug:127.0.0.1 - - [07/May/2024 04:37:25] "[35m[1mPOST /GenerarPedidos HTTP/1.1[0m" 500 -
INFO:root:Datos recibidos para generar el pedido:
INFO:root:Cedula: 001-210190-0001A
INFO:root:IdPlatillo: 12
INFO:root:Cantidad: 3
INFO:root:Fecha de pedido: 2024-05-07
INFO:root:Estado de pago: Pendiente
INFO:werkzeug:127.0.0.1 - - [07/May/2024 04:37:25] "[35m[1mPOST /GenerarPedidos HTTP/1.1[0m" 500 -
INFO:root:Datos recibidos para generar el pedido:
INFO:root:Cedula: 001-210190-0001A
INFO:root:IdPlatillo: 12
INFO:root:Cantidad: 3
INFO:root:Fecha de pedido: 2024-05-07
INFO:root:Estado de pago: Pendiente
INFO:root:Datos recibidos para generar el pedido:
INFO:root:Cedula: 001-210190-0001A
INFO:root:IdPlatillo: 12
INFO:root:Cantidad: 3
INFO:root:Fecha de pedido: 2024-05-07
INFO:root:Estado de pago: Pendiente
INFO:werkzeug:127.0.0.1 - - [07/May/2024 04:37:31] "[35m[1mPOST /GenerarPedidos HTTP/1.1[0m" 500 -
INFO:werkzeug:127.0.0.1 - - [07/May/2024 04:37:31] "[35m[1mPOST /GenerarPedidos HTTP/1.1[0m" 500 -
INFO:werkzeug:127.0.0.1 - - [07/May/2024 04:39:18] "GET /InicioCliente HTTP/1.1" 200 -
INFO:werkzeug:127.0.0.1 - - [07/May/2024 04:39:18] "[36mGET /static/Clientes/Inicio.js HTTP/1.1[0m" 304 -
INFO:werkzeug:127.0.0.1 - - [07/May/2024 04:39:18] "[36mGET /static/DataTables.js HTTP/1.1[0m" 304 -
INFO:werkzeug:127.0.0.1 - - [07/May/2024 04:39:18] "POST /GetDishes HTTP/1.1" 200 -
INFO:werkzeug:127.0.0.1 - - [07/May/2024 04:39:18] "GET /dtCustomer?_=1715078358251 HTTP/1.1" 200 -
INFO:werkzeug:127.0.0.1 - - [07/May/2024 04:39:20] "POST /ObtenerCliente/003-230190-0003C HTTP/1.1" 200 -
INFO:root:Datos recibidos para generar el pedido:
INFO:root:Cedula: 003-230190-0003C
INFO:root:IdPlatillo: 12
INFO:root:Cantidad: 5
INFO:root:Fecha de pedido: 2024-05-07
INFO:root:Estado de pago: Pagado
INFO:werkzeug:127.0.0.1 - - [07/May/2024 04:39:23] "[35m[1mPOST /GenerarPedidos HTTP/1.1[0m" 500 -
INFO:werkzeug:127.0.0.1 - - [07/May/2024 04:39:28] "POST /ObtenerCliente/009-290190-0009I HTTP/1.1" 200 -
INFO:root:Datos recibidos para generar el pedido:
INFO:root:Cedula: 009-290190-0009I
INFO:root:IdPlatillo: 12
INFO:root:Cantidad: 5
INFO:root:Fecha de pedido: 2024-05-07
INFO:root:Estado de pago: Pagado
INFO:root:Datos recibidos para generar el pedido:
INFO:root:Cedula: 009-290190-0009I
INFO:root:IdPlatillo: 12
INFO:root:Cantidad: 5
INFO:root:Fecha de pedido: 2024-05-07
INFO:root:Estado de pago: Pagado
INFO:werkzeug:127.0.0.1 - - [07/May/2024 04:39:31] "[35m[1mPOST /GenerarPedidos HTTP/1.1[0m" 500 -
INFO:werkzeug:127.0.0.1 - - [07/May/2024 04:39:31] "[35m[1mPOST /GenerarPedidos HTTP/1.1[0m" 500 -
INFO:root:Datos recibidos para generar el pedido:
INFO:root:Cedula: 001-210190-0001A
INFO:root:IdPlatillo: 12
INFO:root:Cantidad: 100
INFO:root:Fecha de pedido: 2024-05-07
INFO:root:Estado de pago: Pagado
INFO:werkzeug:127.0.0.1 - - [07/May/2024 04:40:23] "[35m[1mPOST /GenerarPedidos HTTP/1.1[0m" 500 -
INFO:root:Datos recibidos para generar el pedido:
INFO:root:Cedula: 001-210190-0001A
INFO:root:IdPlatillo: 12
INFO:root:Cantidad: 12
INFO:root:Fecha de pedido: 2024-05-07
INFO:root:Estado de pago: Pagado
INFO:werkzeug:127.0.0.1 - - [07/May/2024 04:41:05] "[35m[1mPOST /GenerarPedidos HTTP/1.1[0m" 500 -
INFO:werkzeug: * Detected change in 'C:\\Users\\HP VICTUS\\Desktop\\Proyecto Delicias Dilcia\\Routes\\Pedidos.py', reloading
